<?xml version="1.0" encoding="UTF-8"?>
<!-- Generated by org.testng.reporters.JUnitReportReporter -->
<testsuite hostname="Rushikesh" failures="0" tests="5" name="RestApi" time="4.789" errors="0" timestamp="2026-02-23T13:43:59 IST" skipped="0">
  <testcase classname="RestApi" name="getAllProducts" time="2.366"/>
  <testcase classname="RestApi" name="getSingleProduct" time="0.280"/>
  <testcase classname="RestApi" name="createProduct" time="0.476"/>
  <testcase classname="RestApi" name="updateProduct" time="1.213"/>
  <testcase classname="RestApi" name="deleteProduct" time="0.454"/>
</testsuite> <!-- RestApi -->
