<?xml version="1.0" encoding="UTF-8"?>
<testng-results ignored="0" total="3" passed="3" failed="0" skipped="0">
  <reporter-output>
  </reporter-output>
  <suite started-at="2026-02-23T16:27:30 IST" name="Default suite" finished-at="2026-02-23T16:27:40 IST" duration-ms="10025">
    <groups>
    </groups>
    <test started-at="2026-02-23T16:27:30 IST" name="Default test" finished-at="2026-02-23T16:27:40 IST" duration-ms="10025">
      <class name="seleniumTestNG.DataDrivenCSV">
        <test-method is-config="true" signature="setup()[pri:0, instance:seleniumTestNG.DataDrivenCSV@22fcf7ab]" started-at="2026-02-23T16:27:30 IST" name="setup" finished-at="2026-02-23T16:27:34 IST" duration-ms="3956" status="PASS">
          <reporter-output>
          </reporter-output>
        </test-method> <!-- setup -->
        <test-method signature="loginTest(java.lang.String,java.lang.String)[pri:0, instance:seleniumTestNG.DataDrivenCSV@22fcf7ab]" started-at="2026-02-23T16:27:34 IST" name="loginTest" data-provider="loginTest" finished-at="2026-02-23T16:27:34 IST" duration-ms="282" status="PASS">
          <params>
            <param index="0">
              <value>
                <![CDATA[user1]]>
              </value>
            </param>
            <param index="1">
              <value>
                <![CDATA[pass1]]>
              </value>
            </param>
          </params>
          <reporter-output>
          </reporter-output>
        </test-method> <!-- loginTest -->
        <test-method is-config="true" signature="Destroy()[pri:0, instance:seleniumTestNG.DataDrivenCSV@22fcf7ab]" started-at="2026-02-23T16:27:34 IST" name="Destroy" finished-at="2026-02-23T16:27:34 IST" duration-ms="200" status="PASS">
          <reporter-output>
          </reporter-output>
        </test-method> <!-- Destroy -->
        <test-method is-config="true" signature="setup()[pri:0, instance:seleniumTestNG.DataDrivenCSV@22fcf7ab]" started-at="2026-02-23T16:27:34 IST" name="setup" finished-at="2026-02-23T16:27:36 IST" duration-ms="1508" status="PASS">
          <reporter-output>
          </reporter-output>
        </test-method> <!-- setup -->
        <test-method signature="loginTest(java.lang.String,java.lang.String)[pri:0, instance:seleniumTestNG.DataDrivenCSV@22fcf7ab]" started-at="2026-02-23T16:27:36 IST" name="loginTest" data-provider="loginTest" finished-at="2026-02-23T16:27:36 IST" duration-ms="306" status="PASS">
          <params>
            <param index="0">
              <value>
                <![CDATA[user2]]>
              </value>
            </param>
            <param index="1">
              <value>
                <![CDATA[pass2]]>
              </value>
            </param>
          </params>
          <reporter-output>
          </reporter-output>
        </test-method> <!-- loginTest -->
        <test-method is-config="true" signature="Destroy()[pri:0, instance:seleniumTestNG.DataDrivenCSV@22fcf7ab]" started-at="2026-02-23T16:27:36 IST" name="Destroy" finished-at="2026-02-23T16:27:36 IST" duration-ms="292" status="PASS">
          <reporter-output>
          </reporter-output>
        </test-method> <!-- Destroy -->
        <test-method is-config="true" signature="setup()[pri:0, instance:seleniumTestNG.DataDrivenCSV@22fcf7ab]" started-at="2026-02-23T16:27:36 IST" name="setup" finished-at="2026-02-23T16:27:38 IST" duration-ms="1580" status="PASS">
          <reporter-output>
          </reporter-output>
        </test-method> <!-- setup -->
        <test-method signature="loginTest(java.lang.String,java.lang.String)[pri:0, instance:seleniumTestNG.DataDrivenCSV@22fcf7ab]" started-at="2026-02-23T16:27:38 IST" name="loginTest" data-provider="loginTest" finished-at="2026-02-23T16:27:38 IST" duration-ms="373" status="PASS">
          <params>
            <param index="0">
              <value>
                <![CDATA[user3]]>
              </value>
            </param>
            <param index="1">
              <value>
                <![CDATA[pass3]]>
              </value>
            </param>
          </params>
          <reporter-output>
          </reporter-output>
        </test-method> <!-- loginTest -->
        <test-method is-config="true" signature="Destroy()[pri:0, instance:seleniumTestNG.DataDrivenCSV@22fcf7ab]" started-at="2026-02-23T16:27:38 IST" name="Destroy" finished-at="2026-02-23T16:27:40 IST" duration-ms="1466" status="PASS">
          <reporter-output>
          </reporter-output>
        </test-method> <!-- Destroy -->
      </class> <!-- seleniumTestNG.DataDrivenCSV -->
    </test> <!-- Default test -->
  </suite> <!-- Default suite -->
</testng-results>
