<?xml version="1.0" encoding="UTF-8"?>
<testng-results ignored="0" total="4" passed="4" failed="0" skipped="0">
  <reporter-output>
  </reporter-output>
  <suite started-at="2026-02-27T17:09:58 IST" name="Ecommerce Suite" finished-at="2026-02-27T17:10:09 IST" duration-ms="10934">
    <groups>
    </groups>
    <test started-at="2026-02-27T17:09:58 IST" name="Login Tests" finished-at="2026-02-27T17:10:09 IST" duration-ms="10934">
      <class name="ecommerce.tests.LoginTest">
        <test-method is-config="true" signature="beforeClass()[pri:0, instance:ecommerce.tests.LoginTest@292b08d6]" started-at="2026-02-27T17:09:58 IST" name="beforeClass" finished-at="2026-02-27T17:09:58 IST" duration-ms="19" status="PASS">
          <reporter-output>
          </reporter-output>
        </test-method> <!-- beforeClass -->
        <test-method is-config="true" signature="setup()[pri:0, instance:ecommerce.tests.LoginTest@292b08d6]" started-at="2026-02-27T17:09:58 IST" name="setup" finished-at="2026-02-27T17:10:01 IST" duration-ms="2532" status="PASS">
          <reporter-output>
          </reporter-output>
        </test-method> <!-- setup -->
        <test-method signature="loginTest(java.lang.String,java.lang.String,java.lang.String)[pri:0, instance:ecommerce.tests.LoginTest@292b08d6]" started-at="2026-02-27T17:10:01 IST" name="loginTest" data-provider="loginData" finished-at="2026-02-27T17:10:01 IST" duration-ms="689" status="PASS">
          <params>
            <param index="0">
              <value>
                <![CDATA[standard_user]]>
              </value>
            </param>
            <param index="1">
              <value>
                <![CDATA[secret_sauce]]>
              </value>
            </param>
            <param index="2">
              <value>
                <![CDATA[success]]>
              </value>
            </param>
          </params>
          <reporter-output>
          </reporter-output>
        </test-method> <!-- loginTest -->
        <test-method is-config="true" signature="tearDown(org.testng.ITestResult)[pri:0, instance:ecommerce.tests.LoginTest@292b08d6]" started-at="2026-02-27T17:10:01 IST" name="tearDown" finished-at="2026-02-27T17:10:02 IST" duration-ms="237" status="PASS">
          <params>
            <param index="0">
              <value>
                <![CDATA[[TestResult name=loginTest status=SUCCESS method=LoginTest.loginTest(java.lang.String,java.lang.String,java.lang.String)[pri:0, instance:ecommerce.tests.LoginTest@292b08d6] output={null}]]]>
              </value>
            </param>
          </params>
          <reporter-output>
          </reporter-output>
        </test-method> <!-- tearDown -->
        <test-method is-config="true" signature="setup()[pri:0, instance:ecommerce.tests.LoginTest@292b08d6]" started-at="2026-02-27T17:10:02 IST" name="setup" finished-at="2026-02-27T17:10:03 IST" duration-ms="1835" status="PASS">
          <reporter-output>
          </reporter-output>
        </test-method> <!-- setup -->
        <test-method signature="loginTest(java.lang.String,java.lang.String,java.lang.String)[pri:0, instance:ecommerce.tests.LoginTest@292b08d6]" started-at="2026-02-27T17:10:03 IST" name="loginTest" data-provider="loginData" finished-at="2026-02-27T17:10:04 IST" duration-ms="475" status="PASS">
          <params>
            <param index="0">
              <value>
                <![CDATA[standard_user]]>
              </value>
            </param>
            <param index="1">
              <value>
                <![CDATA[wrong_pass]]>
              </value>
            </param>
            <param index="2">
              <value>
                <![CDATA[error]]>
              </value>
            </param>
          </params>
          <reporter-output>
          </reporter-output>
        </test-method> <!-- loginTest -->
        <test-method is-config="true" signature="tearDown(org.testng.ITestResult)[pri:0, instance:ecommerce.tests.LoginTest@292b08d6]" started-at="2026-02-27T17:10:04 IST" name="tearDown" finished-at="2026-02-27T17:10:04 IST" duration-ms="181" status="PASS">
          <params>
            <param index="0">
              <value>
                <![CDATA[[TestResult name=loginTest status=SUCCESS method=LoginTest.loginTest(java.lang.String,java.lang.String,java.lang.String)[pri:0, instance:ecommerce.tests.LoginTest@292b08d6] output={null}]]]>
              </value>
            </param>
          </params>
          <reporter-output>
          </reporter-output>
        </test-method> <!-- tearDown -->
        <test-method is-config="true" signature="setup()[pri:0, instance:ecommerce.tests.LoginTest@292b08d6]" started-at="2026-02-27T17:10:04 IST" name="setup" finished-at="2026-02-27T17:10:06 IST" duration-ms="1858" status="PASS">
          <reporter-output>
          </reporter-output>
        </test-method> <!-- setup -->
        <test-method signature="loginTest(java.lang.String,java.lang.String,java.lang.String)[pri:0, instance:ecommerce.tests.LoginTest@292b08d6]" started-at="2026-02-27T17:10:06 IST" name="loginTest" data-provider="loginData" finished-at="2026-02-27T17:10:06 IST" duration-ms="514" status="PASS">
          <params>
            <param index="0">
              <value>
                <![CDATA[invalid_user]]>
              </value>
            </param>
            <param index="1">
              <value>
                <![CDATA[secret_sauce]]>
              </value>
            </param>
            <param index="2">
              <value>
                <![CDATA[error]]>
              </value>
            </param>
          </params>
          <reporter-output>
          </reporter-output>
        </test-method> <!-- loginTest -->
        <test-method is-config="true" signature="tearDown(org.testng.ITestResult)[pri:0, instance:ecommerce.tests.LoginTest@292b08d6]" started-at="2026-02-27T17:10:06 IST" name="tearDown" finished-at="2026-02-27T17:10:07 IST" duration-ms="216" status="PASS">
          <params>
            <param index="0">
              <value>
                <![CDATA[[TestResult name=loginTest status=SUCCESS method=LoginTest.loginTest(java.lang.String,java.lang.String,java.lang.String)[pri:0, instance:ecommerce.tests.LoginTest@292b08d6] output={null}]]]>
              </value>
            </param>
          </params>
          <reporter-output>
          </reporter-output>
        </test-method> <!-- tearDown -->
        <test-method is-config="true" signature="setup()[pri:0, instance:ecommerce.tests.LoginTest@292b08d6]" started-at="2026-02-27T17:10:07 IST" name="setup" finished-at="2026-02-27T17:10:08 IST" duration-ms="1685" status="PASS">
          <reporter-output>
          </reporter-output>
        </test-method> <!-- setup -->
        <test-method signature="loginTest(java.lang.String,java.lang.String,java.lang.String)[pri:0, instance:ecommerce.tests.LoginTest@292b08d6]" started-at="2026-02-27T17:10:08 IST" name="loginTest" data-provider="loginData" finished-at="2026-02-27T17:10:09 IST" duration-ms="452" status="PASS">
          <params>
            <param index="0">
              <value>
                <![CDATA[]]>
              </value>
            </param>
            <param index="1">
              <value>
                <![CDATA[]]>
              </value>
            </param>
            <param index="2">
              <value>
                <![CDATA[empty]]>
              </value>
            </param>
          </params>
          <reporter-output>
          </reporter-output>
        </test-method> <!-- loginTest -->
        <test-method is-config="true" signature="tearDown(org.testng.ITestResult)[pri:0, instance:ecommerce.tests.LoginTest@292b08d6]" started-at="2026-02-27T17:10:09 IST" name="tearDown" finished-at="2026-02-27T17:10:09 IST" duration-ms="175" status="PASS">
          <params>
            <param index="0">
              <value>
                <![CDATA[[TestResult name=loginTest status=SUCCESS method=LoginTest.loginTest(java.lang.String,java.lang.String,java.lang.String)[pri:0, instance:ecommerce.tests.LoginTest@292b08d6] output={null}]]]>
              </value>
            </param>
          </params>
          <reporter-output>
          </reporter-output>
        </test-method> <!-- tearDown -->
        <test-method is-config="true" signature="afterClass()[pri:0, instance:ecommerce.tests.LoginTest@292b08d6]" started-at="2026-02-27T17:10:09 IST" name="afterClass" finished-at="2026-02-27T17:10:09 IST" duration-ms="3" status="PASS">
          <reporter-output>
          </reporter-output>
        </test-method> <!-- afterClass -->
      </class> <!-- ecommerce.tests.LoginTest -->
    </test> <!-- Login Tests -->
  </suite> <!-- Ecommerce Suite -->
</testng-results>
