<?xml version="1.0" encoding="UTF-8"?>
<testng-results ignored="0" total="1" passed="1" failed="0" skipped="0">
  <reporter-output>
  </reporter-output>
  <suite started-at="2026-02-27T10:52:02 IST" name="Default suite" finished-at="2026-02-27T10:52:02 IST" duration-ms="84">
    <groups>
    </groups>
    <test started-at="2026-02-27T10:52:02 IST" name="Default test" finished-at="2026-02-27T10:52:02 IST" duration-ms="84">
      <class name="maven.LoginTest1">
        <test-method is-config="true" signature="setup()[pri:0, instance:maven.LoginTest1@74235045]" started-at="2026-02-27T10:52:02 IST" name="setup" finished-at="2026-02-27T10:52:02 IST" duration-ms="9" status="PASS">
          <reporter-output>
          </reporter-output>
        </test-method> <!-- setup -->
        <test-method signature="testLogin()[pri:0, instance:maven.LoginTest1@74235045]" started-at="2026-02-27T10:52:02 IST" name="testLogin" finished-at="2026-02-27T10:52:02 IST" duration-ms="12" status="PASS">
          <reporter-output>
          </reporter-output>
        </test-method> <!-- testLogin -->
        <test-method is-config="true" signature="teardown()[pri:0, instance:maven.LoginTest1@74235045]" started-at="2026-02-27T10:52:02 IST" name="teardown" finished-at="2026-02-27T10:52:02 IST" duration-ms="0" status="PASS">
          <reporter-output>
          </reporter-output>
        </test-method> <!-- teardown -->
      </class> <!-- maven.LoginTest1 -->
    </test> <!-- Default test -->
  </suite> <!-- Default suite -->
</testng-results>
