<?xml version="1.0" encoding="UTF-8"?>
<!-- Generated by org.testng.reporters.JUnitXMLReporter -->
<testsuite ignored="0" hostname="LAPTOP-B666QCGD" failures="0" tests="4" name="Login Tests" time="10.934" errors="0" timestamp="2026-02-27T17:10:09 IST">
  <testcase classname="ecommerce.tests.LoginTest" name="loginTest" time="0.689"/>
  <testcase classname="ecommerce.tests.LoginTest" name="loginTest" time="0.475"/>
  <testcase classname="ecommerce.tests.LoginTest" name="loginTest" time="0.514"/>
  <testcase classname="ecommerce.tests.LoginTest" name="loginTest" time="0.452"/>
</testsuite> <!-- Login Tests -->
