<?xml version="1.0" encoding="UTF-8"?>
<testng-results ignored="0" total="5" passed="5" failed="0" skipped="0">
  <reporter-output>
  </reporter-output>
  <suite started-at="2026-02-23T13:43:54 IST" name="Default suite" finished-at="2026-02-23T13:43:59 IST" duration-ms="4833">
    <groups>
    </groups>
    <test started-at="2026-02-23T13:43:54 IST" name="Default test" finished-at="2026-02-23T13:43:59 IST" duration-ms="4833">
      <class name="RestApi">
        <test-method signature="getAllProducts()[pri:1, instance:RestApi@4681c175]" started-at="2026-02-23T13:43:54 IST" name="getAllProducts" finished-at="2026-02-23T13:43:56 IST" duration-ms="2366" status="PASS">
          <reporter-output>
          </reporter-output>
        </test-method> <!-- getAllProducts -->
        <test-method signature="getSingleProduct()[pri:2, instance:RestApi@4681c175]" started-at="2026-02-23T13:43:56 IST" name="getSingleProduct" finished-at="2026-02-23T13:43:57 IST" duration-ms="280" status="PASS">
          <reporter-output>
          </reporter-output>
        </test-method> <!-- getSingleProduct -->
        <test-method signature="createProduct()[pri:3, instance:RestApi@4681c175]" started-at="2026-02-23T13:43:57 IST" name="createProduct" finished-at="2026-02-23T13:43:57 IST" duration-ms="476" status="PASS">
          <reporter-output>
          </reporter-output>
        </test-method> <!-- createProduct -->
        <test-method signature="updateProduct()[pri:4, instance:RestApi@4681c175]" started-at="2026-02-23T13:43:57 IST" name="updateProduct" finished-at="2026-02-23T13:43:58 IST" duration-ms="1213" status="PASS">
          <reporter-output>
          </reporter-output>
        </test-method> <!-- updateProduct -->
        <test-method signature="deleteProduct()[pri:5, instance:RestApi@4681c175]" started-at="2026-02-23T13:43:58 IST" name="deleteProduct" finished-at="2026-02-23T13:43:59 IST" duration-ms="454" status="PASS">
          <reporter-output>
          </reporter-output>
        </test-method> <!-- deleteProduct -->
      </class> <!-- RestApi -->
    </test> <!-- Default test -->
  </suite> <!-- Default suite -->
</testng-results>
