<?xml version="1.0" encoding="UTF-8"?>
<!-- Generated by org.testng.reporters.JUnitXMLReporter -->
<testsuite ignored="0" hostname="LAPTOP-B666QCGD" failures="0" tests="4" name="Default test" time="11.825" errors="0" timestamp="2026-02-27T12:53:41 IST">
  <testcase classname="eCommerce.LoginTest" name="ValidUserAndPassword" time="0.482"/>
  <testcase classname="eCommerce.LoginTest" name="ValidUserAndPassword" time="0.405"/>
  <testcase classname="eCommerce.LoginTest" name="ValidUserAndPassword" time="0.412"/>
  <testcase classname="eCommerce.LoginTest" name="ValidUserAndPassword" time="0.38"/>
</testsuite> <!-- Default test -->
