<?xml version="1.0" encoding="UTF-8"?>
<!-- Generated by org.testng.reporters.JUnitReportReporter -->
<testsuite hostname="LAPTOP-B666QCGD" failures="0" tests="3" name="seleniumTestNG.DataDriverWMaven" time="8.060" errors="0" timestamp="2026-02-18T11:26:31 IST" skipped="0">
  <testcase classname="seleniumTestNG.DataDriverWMaven" name="TestLogin" time="2.477"/>
  <testcase classname="seleniumTestNG.DataDriverWMaven" name="TestLogin" time="3.307"/>
  <testcase classname="seleniumTestNG.DataDriverWMaven" name="TestLogin" time="2.276"/>
</testsuite> <!-- seleniumTestNG.DataDriverWMaven -->
