<?xml version="1.0" encoding="UTF-8"?>
<!-- Generated by org.testng.reporters.JUnitReportReporter -->
<testsuite hostname="LAPTOP-B666QCGD" failures="0" tests="3" name="seleniumTestNG.DataDrivenCSV" time="9.963" errors="0" timestamp="2026-02-23T16:27:40 IST" skipped="0">
  <testcase classname="seleniumTestNG.DataDrivenCSV" name="loginTest" time="5.795"/>
  <testcase classname="seleniumTestNG.DataDrivenCSV" name="loginTest" time="2.014"/>
  <testcase classname="seleniumTestNG.DataDrivenCSV" name="loginTest" time="2.154"/>
</testsuite> <!-- seleniumTestNG.DataDrivenCSV -->
