<?xml version="1.0" encoding="UTF-8"?>
<!-- Generated by org.testng.reporters.JUnitReportReporter -->
<testsuite hostname="LAPTOP-B666QCGD" failures="0" tests="3" name="seleniumTestNG.Login_test" time="24.354" errors="0" timestamp="2026-02-18T11:26:33 IST" skipped="0">
  <testcase classname="seleniumTestNG.Login_test" name="loginTest" time="16.533"/>
  <testcase classname="seleniumTestNG.Login_test" name="loginTest" time="3.916"/>
  <testcase classname="seleniumTestNG.Login_test" name="loginTest" time="3.905"/>
</testsuite> <!-- seleniumTestNG.Login_test -->
