<?xml version="1.0" encoding="UTF-8"?>
<!-- Generated by org.testng.reporters.JUnitXMLReporter -->
<testsuite ignored="0" hostname="LAPTOP-B666QCGD" failures="0" tests="3" name="Default test" time="10.025" errors="0" timestamp="2026-02-23T16:27:40 IST">
  <testcase classname="seleniumTestNG.DataDrivenCSV" name="loginTest" time="0.282"/>
  <testcase classname="seleniumTestNG.DataDrivenCSV" name="loginTest" time="0.306"/>
  <testcase classname="seleniumTestNG.DataDrivenCSV" name="loginTest" time="0.373"/>
</testsuite> <!-- Default test -->
