<?xml version="1.0" encoding="UTF-8"?>
<!-- Generated by org.testng.reporters.JUnitReportReporter -->
<testsuite hostname="LAPTOP-B666QCGD" failures="0" tests="4" name="eCommerce.LoginTest" time="11.754" errors="0" timestamp="2026-02-27T12:53:41 IST" skipped="0">
  <testcase classname="eCommerce.LoginTest" name="ValidUserAndPassword" time="2.860"/>
  <testcase classname="eCommerce.LoginTest" name="ValidUserAndPassword" time="3.781"/>
  <testcase classname="eCommerce.LoginTest" name="ValidUserAndPassword" time="2.501"/>
  <testcase classname="eCommerce.LoginTest" name="ValidUserAndPassword" time="2.612"/>
</testsuite> <!-- eCommerce.LoginTest -->
