<?xml version="1.0" encoding="UTF-8"?>
<!-- Generated by org.testng.reporters.JUnitReportReporter -->
<testsuite hostname="LAPTOP-B666QCGD" failures="0" tests="4" name="ecommerce.tests.LoginTest" time="10.849" errors="0" timestamp="2026-02-27T17:10:09 IST" skipped="0">
  <testcase classname="ecommerce.tests.LoginTest" name="loginTest" time="3.200"/>
  <testcase classname="ecommerce.tests.LoginTest" name="loginTest" time="2.436"/>
  <testcase classname="ecommerce.tests.LoginTest" name="loginTest" time="2.508"/>
  <testcase classname="ecommerce.tests.LoginTest" name="loginTest" time="2.705"/>
</testsuite> <!-- ecommerce.tests.LoginTest -->
